0 info it worked if it ends with ok
1 verbose cli [ '/home/hegde/bin/node', '/home/hegde/bin/npm', 'start' ]
2 info using npm@3.10.9
3 info using node@v7.1.0
4 verbose run-script [ 'prestart', 'start', 'poststart' ]
5 info lifecycle express4-skeleton@0.3.3~prestart: express4-skeleton@0.3.3
6 silly lifecycle express4-skeleton@0.3.3~prestart: no script for prestart, continuing
7 info lifecycle express4-skeleton@0.3.3~start: express4-skeleton@0.3.3
8 verbose lifecycle express4-skeleton@0.3.3~start: unsafe-perm in lifecycle true
9 verbose lifecycle express4-skeleton@0.3.3~start: PATH: /home/hegde/lib/node_modules/npm/bin/node-gyp-bin:/home/hegde/Desktop/Final_Project/SensorProject/sensor-server/node_modules/.bin:/home/hegde/bin:/usr/local/sbin:/usr/local/bin:/usr/sbin:/usr/bin:/sbin:/bin:/usr/games:/usr/local/games:/snap/bin:/home/hegde/Android/Sdk/tools:/home/hegde/Android/Sdk/platform-tools
10 verbose lifecycle express4-skeleton@0.3.3~start: CWD: /home/hegde/Desktop/Final_Project/SensorProject/sensor-server
11 silly lifecycle express4-skeleton@0.3.3~start: Args: [ '-c', 'node ./index.js' ]
12 silly lifecycle express4-skeleton@0.3.3~start: Returned: code: 1  signal: null
13 info lifecycle express4-skeleton@0.3.3~start: Failed to exec start script
14 verbose stack Error: express4-skeleton@0.3.3 start: `node ./index.js`
14 verbose stack Exit status 1
14 verbose stack     at EventEmitter.<anonymous> (/home/hegde/lib/node_modules/npm/lib/utils/lifecycle.js:255:16)
14 verbose stack     at emitTwo (events.js:106:13)
14 verbose stack     at EventEmitter.emit (events.js:191:7)
14 verbose stack     at ChildProcess.<anonymous> (/home/hegde/lib/node_modules/npm/lib/utils/spawn.js:40:14)
14 verbose stack     at emitTwo (events.js:106:13)
14 verbose stack     at ChildProcess.emit (events.js:191:7)
14 verbose stack     at maybeClose (internal/child_process.js:885:16)
14 verbose stack     at Process.ChildProcess._handle.onexit (internal/child_process.js:226:5)
15 verbose pkgid express4-skeleton@0.3.3
16 verbose cwd /home/hegde/Desktop/Final_Project/SensorProject/sensor-server
17 error Linux 4.8.0-39-generic
18 error argv "/home/hegde/bin/node" "/home/hegde/bin/npm" "start"
19 error node v7.1.0
20 error npm  v3.10.9
21 error code ELIFECYCLE
22 error express4-skeleton@0.3.3 start: `node ./index.js`
22 error Exit status 1
23 error Failed at the express4-skeleton@0.3.3 start script 'node ./index.js'.
23 error Make sure you have the latest version of node.js and npm installed.
23 error If you do, this is most likely a problem with the express4-skeleton package,
23 error not with npm itself.
23 error Tell the author that this fails on your system:
23 error     node ./index.js
23 error You can get information on how to open an issue for this project with:
23 error     npm bugs express4-skeleton
23 error Or if that isn't available, you can get their info via:
23 error     npm owner ls express4-skeleton
23 error There is likely additional logging output above.
24 verbose exit [ 1, true ]
